<?xml version="1.0" encoding="UTF-8"?>
<testsuite xmlns:xsi="http://www.w3.org/2001/XMLSchema-instance" xsi:noNamespaceSchemaLocation="https://maven.apache.org/surefire/maven-surefire-plugin/xsd/surefire-test-report.xsd" name="br.com.restassuredapitesting.runners.AllTests" time="61.179" tests="27" errors="1" skipped="0" failures="7">
  <properties>
    <property name="sun.desktop" value="windows"/>
    <property name="awt.toolkit" value="sun.awt.windows.WToolkit"/>
    <property name="file.encoding.pkg" value="sun.io"/>
    <property name="java.specification.version" value="1.8"/>
    <property name="sun.cpu.isalist" value="amd64"/>
    <property name="sun.jnu.encoding" value="Cp1252"/>
    <property name="java.class.path" value="E:\CWI\restassuredapitesting\target\test-classes;E:\CWI\restassuredapitesting\target\classes;C:\Users\RRM\.m2\repository\org\apache\logging\log4j\log4j-slf4j-impl\2.13.1\log4j-slf4j-impl-2.13.1.jar;C:\Users\RRM\.m2\repository\org\apache\logging\log4j\log4j-api\2.13.1\log4j-api-2.13.1.jar;C:\Users\RRM\.m2\repository\org\apache\logging\log4j\log4j-core\2.13.1\log4j-core-2.13.1.jar;C:\Users\RRM\.m2\repository\org\projectlombok\lombok\1.18.6\lombok-1.18.6.jar;C:\Users\RRM\.m2\repository\com\googlecode\json-simple\json-simple\1.1.1\json-simple-1.1.1.jar;C:\Users\RRM\.m2\repository\junit\junit\4.12\junit-4.12.jar;C:\Users\RRM\.m2\repository\org\hamcrest\hamcrest-core\1.3\hamcrest-core-1.3.jar;C:\Users\RRM\.m2\repository\io\rest-assured\rest-assured\3.1.0\rest-assured-3.1.0.jar;C:\Users\RRM\.m2\repository\org\codehaus\groovy\groovy\2.4.12\groovy-2.4.12.jar;C:\Users\RRM\.m2\repository\org\codehaus\groovy\groovy-xml\2.4.12\groovy-xml-2.4.12.jar;C:\Users\RRM\.m2\repository\org\apache\httpcomponents\httpclient\4.5.3\httpclient-4.5.3.jar;C:\Users\RRM\.m2\repository\org\apache\httpcomponents\httpcore\4.4.6\httpcore-4.4.6.jar;C:\Users\RRM\.m2\repository\commons-logging\commons-logging\1.2\commons-logging-1.2.jar;C:\Users\RRM\.m2\repository\commons-codec\commons-codec\1.9\commons-codec-1.9.jar;C:\Users\RRM\.m2\repository\org\apache\httpcomponents\httpmime\4.5.1\httpmime-4.5.1.jar;C:\Users\RRM\.m2\repository\org\hamcrest\hamcrest-library\1.3\hamcrest-library-1.3.jar;C:\Users\RRM\.m2\repository\org\ccil\cowan\tagsoup\tagsoup\1.2.1\tagsoup-1.2.1.jar;C:\Users\RRM\.m2\repository\io\rest-assured\xml-path\3.1.0\xml-path-3.1.0.jar;C:\Users\RRM\.m2\repository\javax\xml\bind\jaxb-api\2.2.12\jaxb-api-2.2.12.jar;C:\Users\RRM\.m2\repository\io\rest-assured\json-schema-validator\3.1.0\json-schema-validator-3.1.0.jar;C:\Users\RRM\.m2\repository\com\github\fge\json-schema-validator\2.2.6\json-schema-validator-2.2.6.jar;C:\Users\RRM\.m2\repository\com\google\code\findbugs\jsr305\3.0.0\jsr305-3.0.0.jar;C:\Users\RRM\.m2\repository\joda-time\joda-time\2.3\joda-time-2.3.jar;C:\Users\RRM\.m2\repository\com\googlecode\libphonenumber\libphonenumber\6.2\libphonenumber-6.2.jar;C:\Users\RRM\.m2\repository\com\github\fge\json-schema-core\1.2.5\json-schema-core-1.2.5.jar;C:\Users\RRM\.m2\repository\com\github\fge\uri-template\0.9\uri-template-0.9.jar;C:\Users\RRM\.m2\repository\com\github\fge\msg-simple\1.1\msg-simple-1.1.jar;C:\Users\RRM\.m2\repository\com\github\fge\btf\1.2\btf-1.2.jar;C:\Users\RRM\.m2\repository\com\google\guava\guava\16.0.1\guava-16.0.1.jar;C:\Users\RRM\.m2\repository\com\github\fge\jackson-coreutils\1.8\jackson-coreutils-1.8.jar;C:\Users\RRM\.m2\repository\org\mozilla\rhino\1.7R4\rhino-1.7R4.jar;C:\Users\RRM\.m2\repository\javax\mail\mailapi\1.4.3\mailapi-1.4.3.jar;C:\Users\RRM\.m2\repository\javax\activation\activation\1.1\activation-1.1.jar;C:\Users\RRM\.m2\repository\net\sf\jopt-simple\jopt-simple\4.6\jopt-simple-4.6.jar;C:\Users\RRM\.m2\repository\com\github\javafaker\javafaker\1.0.1\javafaker-1.0.1.jar;C:\Users\RRM\.m2\repository\org\apache\commons\commons-lang3\3.5\commons-lang3-3.5.jar;C:\Users\RRM\.m2\repository\org\yaml\snakeyaml\1.23\snakeyaml-1.23-android.jar;C:\Users\RRM\.m2\repository\com\github\mifmif\generex\1.0.2\generex-1.0.2.jar;C:\Users\RRM\.m2\repository\dk\brics\automaton\automaton\1.11-8\automaton-1.11-8.jar;C:\Users\RRM\.m2\repository\io\rest-assured\json-path\3.1.0\json-path-3.1.0.jar;C:\Users\RRM\.m2\repository\org\codehaus\groovy\groovy-json\2.4.12\groovy-json-2.4.12.jar;C:\Users\RRM\.m2\repository\io\rest-assured\rest-assured-common\3.1.0\rest-assured-common-3.1.0.jar;C:\Users\RRM\.m2\repository\io\qameta\allure\allure-junit4\2.9.0\allure-junit4-2.9.0.jar;C:\Users\RRM\.m2\repository\io\qameta\allure\allure-java-commons\2.9.0\allure-java-commons-2.9.0.jar;C:\Users\RRM\.m2\repository\io\qameta\allure\allure-model\2.9.0\allure-model-2.9.0.jar;C:\Users\RRM\.m2\repository\com\fasterxml\jackson\core\jackson-databind\2.9.7\jackson-databind-2.9.7.jar;C:\Users\RRM\.m2\repository\com\fasterxml\jackson\core\jackson-annotations\2.9.0\jackson-annotations-2.9.0.jar;C:\Users\RRM\.m2\repository\com\fasterxml\jackson\core\jackson-core\2.9.7\jackson-core-2.9.7.jar;C:\Users\RRM\.m2\repository\org\apache\tika\tika-core\1.19.1\tika-core-1.19.1.jar;C:\Users\RRM\.m2\repository\org\aspectj\aspectjrt\1.9.1\aspectjrt-1.9.1.jar;C:\Users\RRM\.m2\repository\org\jooq\joor-java-8\0.9.9\joor-java-8-0.9.9.jar;C:\Users\RRM\.m2\repository\org\slf4j\slf4j-api\1.7.26\slf4j-api-1.7.26.jar;C:\Users\RRM\.m2\repository\org\json\json\20190722\json-20190722.jar;C:\Users\RRM\.m2\repository\commons-collections\commons-collections\3.2.2\commons-collections-3.2.2.jar;"/>
    <property name="java.vm.vendor" value="Amazon.com Inc."/>
    <property name="sun.arch.data.model" value="64"/>
    <property name="user.variant" value=""/>
    <property name="java.vendor.url" value="https://aws.amazon.com/corretto/"/>
    <property name="user.timezone" value=""/>
    <property name="user.country.format" value="BR"/>
    <property name="java.vm.specification.version" value="1.8"/>
    <property name="os.name" value="Windows 10"/>
    <property name="user.country" value="US"/>
    <property name="sun.java.launcher" value="SUN_STANDARD"/>
    <property name="sun.boot.library.path" value="C:\Program Files\Amazon Corretto\jdk1.8.0_302\jre\bin"/>
    <property name="sun.java.command" value="C:\Users\RRM\AppData\Local\Temp\surefire2443132190080987050\surefirebooter4438753207900659693.jar C:\Users\RRM\AppData\Local\Temp\surefire2443132190080987050 2021-10-26T19-17-14_724-jvmRun1 surefire2032778356062899162tmp surefire_05859161687528912846tmp"/>
    <property name="test" value="AllTests"/>
    <property name="surefire.test.class.path" value="E:\CWI\restassuredapitesting\target\test-classes;E:\CWI\restassuredapitesting\target\classes;C:\Users\RRM\.m2\repository\org\apache\logging\log4j\log4j-slf4j-impl\2.13.1\log4j-slf4j-impl-2.13.1.jar;C:\Users\RRM\.m2\repository\org\apache\logging\log4j\log4j-api\2.13.1\log4j-api-2.13.1.jar;C:\Users\RRM\.m2\repository\org\apache\logging\log4j\log4j-core\2.13.1\log4j-core-2.13.1.jar;C:\Users\RRM\.m2\repository\org\projectlombok\lombok\1.18.6\lombok-1.18.6.jar;C:\Users\RRM\.m2\repository\com\googlecode\json-simple\json-simple\1.1.1\json-simple-1.1.1.jar;C:\Users\RRM\.m2\repository\junit\junit\4.12\junit-4.12.jar;C:\Users\RRM\.m2\repository\org\hamcrest\hamcrest-core\1.3\hamcrest-core-1.3.jar;C:\Users\RRM\.m2\repository\io\rest-assured\rest-assured\3.1.0\rest-assured-3.1.0.jar;C:\Users\RRM\.m2\repository\org\codehaus\groovy\groovy\2.4.12\groovy-2.4.12.jar;C:\Users\RRM\.m2\repository\org\codehaus\groovy\groovy-xml\2.4.12\groovy-xml-2.4.12.jar;C:\Users\RRM\.m2\repository\org\apache\httpcomponents\httpclient\4.5.3\httpclient-4.5.3.jar;C:\Users\RRM\.m2\repository\org\apache\httpcomponents\httpcore\4.4.6\httpcore-4.4.6.jar;C:\Users\RRM\.m2\repository\commons-logging\commons-logging\1.2\commons-logging-1.2.jar;C:\Users\RRM\.m2\repository\commons-codec\commons-codec\1.9\commons-codec-1.9.jar;C:\Users\RRM\.m2\repository\org\apache\httpcomponents\httpmime\4.5.1\httpmime-4.5.1.jar;C:\Users\RRM\.m2\repository\org\hamcrest\hamcrest-library\1.3\hamcrest-library-1.3.jar;C:\Users\RRM\.m2\repository\org\ccil\cowan\tagsoup\tagsoup\1.2.1\tagsoup-1.2.1.jar;C:\Users\RRM\.m2\repository\io\rest-assured\xml-path\3.1.0\xml-path-3.1.0.jar;C:\Users\RRM\.m2\repository\javax\xml\bind\jaxb-api\2.2.12\jaxb-api-2.2.12.jar;C:\Users\RRM\.m2\repository\io\rest-assured\json-schema-validator\3.1.0\json-schema-validator-3.1.0.jar;C:\Users\RRM\.m2\repository\com\github\fge\json-schema-validator\2.2.6\json-schema-validator-2.2.6.jar;C:\Users\RRM\.m2\repository\com\google\code\findbugs\jsr305\3.0.0\jsr305-3.0.0.jar;C:\Users\RRM\.m2\repository\joda-time\joda-time\2.3\joda-time-2.3.jar;C:\Users\RRM\.m2\repository\com\googlecode\libphonenumber\libphonenumber\6.2\libphonenumber-6.2.jar;C:\Users\RRM\.m2\repository\com\github\fge\json-schema-core\1.2.5\json-schema-core-1.2.5.jar;C:\Users\RRM\.m2\repository\com\github\fge\uri-template\0.9\uri-template-0.9.jar;C:\Users\RRM\.m2\repository\com\github\fge\msg-simple\1.1\msg-simple-1.1.jar;C:\Users\RRM\.m2\repository\com\github\fge\btf\1.2\btf-1.2.jar;C:\Users\RRM\.m2\repository\com\google\guava\guava\16.0.1\guava-16.0.1.jar;C:\Users\RRM\.m2\repository\com\github\fge\jackson-coreutils\1.8\jackson-coreutils-1.8.jar;C:\Users\RRM\.m2\repository\org\mozilla\rhino\1.7R4\rhino-1.7R4.jar;C:\Users\RRM\.m2\repository\javax\mail\mailapi\1.4.3\mailapi-1.4.3.jar;C:\Users\RRM\.m2\repository\javax\activation\activation\1.1\activation-1.1.jar;C:\Users\RRM\.m2\repository\net\sf\jopt-simple\jopt-simple\4.6\jopt-simple-4.6.jar;C:\Users\RRM\.m2\repository\com\github\javafaker\javafaker\1.0.1\javafaker-1.0.1.jar;C:\Users\RRM\.m2\repository\org\apache\commons\commons-lang3\3.5\commons-lang3-3.5.jar;C:\Users\RRM\.m2\repository\org\yaml\snakeyaml\1.23\snakeyaml-1.23-android.jar;C:\Users\RRM\.m2\repository\com\github\mifmif\generex\1.0.2\generex-1.0.2.jar;C:\Users\RRM\.m2\repository\dk\brics\automaton\automaton\1.11-8\automaton-1.11-8.jar;C:\Users\RRM\.m2\repository\io\rest-assured\json-path\3.1.0\json-path-3.1.0.jar;C:\Users\RRM\.m2\repository\org\codehaus\groovy\groovy-json\2.4.12\groovy-json-2.4.12.jar;C:\Users\RRM\.m2\repository\io\rest-assured\rest-assured-common\3.1.0\rest-assured-common-3.1.0.jar;C:\Users\RRM\.m2\repository\io\qameta\allure\allure-junit4\2.9.0\allure-junit4-2.9.0.jar;C:\Users\RRM\.m2\repository\io\qameta\allure\allure-java-commons\2.9.0\allure-java-commons-2.9.0.jar;C:\Users\RRM\.m2\repository\io\qameta\allure\allure-model\2.9.0\allure-model-2.9.0.jar;C:\Users\RRM\.m2\repository\com\fasterxml\jackson\core\jackson-databind\2.9.7\jackson-databind-2.9.7.jar;C:\Users\RRM\.m2\repository\com\fasterxml\jackson\core\jackson-annotations\2.9.0\jackson-annotations-2.9.0.jar;C:\Users\RRM\.m2\repository\com\fasterxml\jackson\core\jackson-core\2.9.7\jackson-core-2.9.7.jar;C:\Users\RRM\.m2\repository\org\apache\tika\tika-core\1.19.1\tika-core-1.19.1.jar;C:\Users\RRM\.m2\repository\org\aspectj\aspectjrt\1.9.1\aspectjrt-1.9.1.jar;C:\Users\RRM\.m2\repository\org\jooq\joor-java-8\0.9.9\joor-java-8-0.9.9.jar;C:\Users\RRM\.m2\repository\org\slf4j\slf4j-api\1.7.26\slf4j-api-1.7.26.jar;C:\Users\RRM\.m2\repository\org\json\json\20190722\json-20190722.jar;C:\Users\RRM\.m2\repository\commons-collections\commons-collections\3.2.2\commons-collections-3.2.2.jar;"/>
    <property name="allure.results.directory" value="E:\CWI\restassuredapitesting\target/allure-results"/>
    <property name="sun.cpu.endian" value="little"/>
    <property name="user.home" value="C:\Users\RRM"/>
    <property name="user.language" value="en"/>
    <property name="java.specification.vendor" value="Oracle Corporation"/>
    <property name="java.home" value="C:\Program Files\Amazon Corretto\jdk1.8.0_302\jre"/>
    <property name="basedir" value="E:\CWI\restassuredapitesting"/>
    <property name="file.separator" value="\"/>
    <property name="line.separator" value="&#10;"/>
    <property name="java.vm.specification.vendor" value="Oracle Corporation"/>
    <property name="java.specification.name" value="Java Platform API Specification"/>
    <property name="java.awt.graphicsenv" value="sun.awt.Win32GraphicsEnvironment"/>
    <property name="surefire.real.class.path" value="C:\Users\RRM\AppData\Local\Temp\surefire2443132190080987050\surefirebooter4438753207900659693.jar;C:\Users\RRM\.m2\repository/org/aspectj/aspectjweaver/1.9.1/aspectjweaver-1.9.1.jar"/>
    <property name="sun.boot.class.path" value="C:\Program Files\Amazon Corretto\jdk1.8.0_302\jre\lib\resources.jar;C:\Program Files\Amazon Corretto\jdk1.8.0_302\jre\lib\rt.jar;C:\Program Files\Amazon Corretto\jdk1.8.0_302\jre\lib\sunrsasign.jar;C:\Program Files\Amazon Corretto\jdk1.8.0_302\jre\lib\jsse.jar;C:\Program Files\Amazon Corretto\jdk1.8.0_302\jre\lib\jce.jar;C:\Program Files\Amazon Corretto\jdk1.8.0_302\jre\lib\charsets.jar;C:\Program Files\Amazon Corretto\jdk1.8.0_302\jre\lib\jfr.jar;C:\Program Files\Amazon Corretto\jdk1.8.0_302\jre\classes"/>
    <property name="user.script" value=""/>
    <property name="sun.management.compiler" value="HotSpot 64-Bit Tiered Compilers"/>
    <property name="java.runtime.version" value="1.8.0_302-b08"/>
    <property name="user.name" value="RRM"/>
    <property name="path.separator" value=";"/>
    <property name="os.version" value="10.0"/>
    <property name="java.endorsed.dirs" value="C:\Program Files\Amazon Corretto\jdk1.8.0_302\jre\lib\endorsed"/>
    <property name="java.runtime.name" value="OpenJDK Runtime Environment"/>
    <property name="file.encoding" value="Cp1252"/>
    <property name="java.vm.name" value="OpenJDK 64-Bit Server VM"/>
    <property name="localRepository" value="C:\Users\RRM\.m2\repository"/>
    <property name="java.vendor.url.bug" value="https://github.com/corretto/corretto-8/issues/"/>
    <property name="java.io.tmpdir" value="C:\Users\RRM\AppData\Local\Temp\"/>
    <property name="idea.version" value="2021.2.2"/>
    <property name="java.version" value="1.8.0_302"/>
    <property name="user.dir" value="E:\CWI\restassuredapitesting"/>
    <property name="os.arch" value="amd64"/>
    <property name="java.vm.specification.name" value="Java Virtual Machine Specification"/>
    <property name="java.awt.printerjob" value="sun.awt.windows.WPrinterJob"/>
    <property name="user.language.format" value="pt"/>
    <property name="sun.os.patch.level" value=""/>
    <property name="java.library.path" value="C:\Program Files\Amazon Corretto\jdk1.8.0_302\jre\bin;C:\Windows\Sun\Java\bin;C:\Windows\system32;C:\Windows;C:\Python310\Scripts\;C:\Python310\;C:\Program Files\Amazon Corretto\jdk1.8.0_302\bin;C:\Program Files\Amazon Corretto\jdk11.0.12_7\bin;C:\Program Files\Common Files\Oracle\Java\javapath;C:\Windows\system32;C:\Windows;C:\Windows\System32\Wbem;C:\Windows\System32\WindowsPowerShell\v1.0\;C:\Windows\System32\OpenSSH\;C:\Gradle\gradle-7.2\bin;C:\Program Files (x86)\NVIDIA Corporation\PhysX\Common;C:\Maven\apache-maven-3.8.2\bin;C:\Program Files\dotnet\;C:\Program Files (x86)\Calibre2\;C:\Program Files\nodejs\;C:\ProgramData\chocolatey\bin;C:\Program Files\Git\cmd;C:\Users\RRM\scoop\shims;C:\Users\RRM\AppData\Local\Microsoft\WindowsApps;;C:\Users\RRM\AppData\Local\Programs\Microsoft VS Code\bin;C:\Users\RRM\AppData\Roaming\npm;."/>
    <property name="java.vm.info" value="mixed mode"/>
    <property name="java.vendor" value="Amazon.com Inc."/>
    <property name="java.vm.version" value="25.302-b08"/>
    <property name="java.ext.dirs" value="C:\Program Files\Amazon Corretto\jdk1.8.0_302\jre\lib\ext;C:\Windows\Sun\Java\lib\ext"/>
    <property name="sun.io.unicode.encoding" value="UnicodeLittle"/>
    <property name="java.class.version" value="52.0"/>
  </properties>
  <testcase name="checkUnauthorizedBookingDeletion" classname="br.com.restassuredapitesting.tests.booking.tests.DeleteBookingTest" time="4.976"/>
  <testcase name="checkBookingDeletion" classname="br.com.restassuredapitesting.tests.booking.tests.DeleteBookingTest" time="2.537"/>
  <testcase name="checkNonExistentBookingDeletion" classname="br.com.restassuredapitesting.tests.booking.tests.DeleteBookingTest" time="1.741"/>
  <testcase name="checkBookingsListSchema" classname="br.com.restassuredapitesting.tests.booking.tests.GetBookingTest" time="1.488"/>
  <testcase name="checkSearchFilterInvalid" classname="br.com.restassuredapitesting.tests.booking.tests.GetBookingTest" time="1.048">
    <failure message="1 expectation failed.&#10;Expected status code &lt;500&gt; but was &lt;200&gt;.&#10;" type="java.lang.AssertionError"><![CDATA[java.lang.AssertionError: 
1 expectation failed.
Expected status code <500> but was <200>.

	at br.com.restassuredapitesting.tests.booking.tests.GetBookingTest.checkSearchFilterInvalid(GetBookingTest.java:146)
]]></failure>
  </testcase>
  <testcase name="checkBookingSchema" classname="br.com.restassuredapitesting.tests.booking.tests.GetBookingTest" time="1.729"/>
  <testcase name="checkSearchFilteredByCheckout" classname="br.com.restassuredapitesting.tests.booking.tests.GetBookingTest" time="2.63"/>
  <testcase name="checkSearchNoReturnsForFilter" classname="br.com.restassuredapitesting.tests.booking.tests.GetBookingTest" time="0.873"/>
  <testcase name="checkSearchFilteredByFirstName" classname="br.com.restassuredapitesting.tests.booking.tests.GetBookingTest" time="2.541"/>
  <testcase name="checkAllBookingsShowing" classname="br.com.restassuredapitesting.tests.booking.tests.GetBookingTest" time="0.902"/>
  <testcase name="checkSearchFilteredByLastName" classname="br.com.restassuredapitesting.tests.booking.tests.GetBookingTest" time="2.461"/>
  <testcase name="checkSearchFilteredByNameAndCheckinAndCheckout" classname="br.com.restassuredapitesting.tests.booking.tests.GetBookingTest" time="6.871">
    <failure message="1 expectation failed.&#10;JSON path [0].bookingid doesn&apos;t match.&#10;Expected: 354&#10;  Actual: null&#10;" type="java.lang.AssertionError">java.lang.AssertionError: 
1 expectation failed.
JSON path [0].bookingid doesn't match.
Expected: 354
  Actual: null

	at br.com.restassuredapitesting.tests.booking.tests.GetBookingTest.checkSearchFilteredByNameAndCheckinAndCheckout(GetBookingTest.java:135)
</failure>
  </testcase>
  <testcase name="checkSearchFilteredByCheckinAndCheckout" classname="br.com.restassuredapitesting.tests.booking.tests.GetBookingTest" time="5.526">
    <failure message="1 expectation failed.&#10;JSON path [0].bookingid doesn&apos;t match.&#10;Expected: 354&#10;  Actual: 75&#10;" type="java.lang.AssertionError">java.lang.AssertionError: 
1 expectation failed.
JSON path [0].bookingid doesn't match.
Expected: 354
  Actual: 75

	at br.com.restassuredapitesting.tests.booking.tests.GetBookingTest.checkSearchFilteredByCheckinAndCheckout(GetBookingTest.java:121)
</failure>
    <system-out><![CDATA[HTTP/1.1 200 OK
Server: Cowboy
Connection: keep-alive
X-Powered-By: Express
Content-Type: application/json; charset=utf-8
Content-Length: 172
Etag: W/"ac-DPWfX0mUs/xZm4zdzPPNjdGNFYM"
Date: Tue, 26 Oct 2021 22:17:52 GMT
Via: 1.1 vegur

[
    {
        "bookingid": 75
    },
    {
        "bookingid": 31
    },
    {
        "bookingid": 74
    },
    {
        "bookingid": 32
    },
    {
        "bookingid": 214
    },
    {
        "bookingid": 34
    },
    {
        "bookingid": 78
    },
    {
        "bookingid": 30
    },
    {
        "bookingid": 89
    },
    {
        "bookingid": 33
    }
]
]]></system-out>
  </testcase>
  <testcase name="checkSearchFilteredByCheckin" classname="br.com.restassuredapitesting.tests.booking.tests.GetBookingTest" time="3.474">
    <error message="Cannot determine which path implementation to use because the content-type text/plain; charset=utf-8 doesn&apos;t map to a path implementation." type="java.lang.IllegalStateException">java.lang.IllegalStateException: Cannot determine which path implementation to use because the content-type text/plain; charset=utf-8 doesn't map to a path implementation.
	at br.com.restassuredapitesting.tests.booking.tests.GetBookingTest.checkSearchFilteredByCheckin(GetBookingTest.java:92)
</error>
    <system-out><![CDATA[2018-01-01
]]></system-out>
  </testcase>
  <testcase name="validaApiOnline" classname="br.com.restassuredapitesting.tests.ping.tests.GetPingTest" time="0.897"/>
  <testcase name="verifyLoginSuccess" classname="br.com.restassuredapitesting.tests.auth.tests.PostAuthTest" time="0.861"/>
  <testcase name="checkCreateBookingNoLogin" classname="br.com.restassuredapitesting.tests.booking.tests.PostBookingTest" time="1.028">
    <failure message="1 expectation failed.&#10;Expected status code &lt;401&gt; but was &lt;200&gt;.&#10;" type="java.lang.AssertionError"><![CDATA[java.lang.AssertionError: 
1 expectation failed.
Expected status code <401> but was <200>.

	at br.com.restassuredapitesting.tests.booking.tests.PostBookingTest.checkCreateBookingNoLogin(PostBookingTest.java:26)
]]></failure>
  </testcase>
  <testcase name="checkCreateBookingWIthMissingParams" classname="br.com.restassuredapitesting.tests.booking.tests.PostBookingTest" time="1.717"/>
  <testcase name="checkCreateBookingWithExtraParams" classname="br.com.restassuredapitesting.tests.booking.tests.PostBookingTest" time="1.706">
    <failure message="1 expectation failed.&#10;Expected status code &lt;400&gt; but was &lt;200&gt;.&#10;" type="java.lang.AssertionError"><![CDATA[java.lang.AssertionError: 
1 expectation failed.
Expected status code <400> but was <200>.

	at br.com.restassuredapitesting.tests.booking.tests.PostBookingTest.checkCreateBookingWithExtraParams(PostBookingTest.java:72)
]]></failure>
  </testcase>
  <testcase name="checkCreateSeveralBookingsShortPeriod" classname="br.com.restassuredapitesting.tests.booking.tests.PostBookingTest" time="3.356"/>
  <testcase name="checkCreateBookingWithLogin" classname="br.com.restassuredapitesting.tests.booking.tests.PostBookingTest" time="1.633"/>
  <testcase name="checkCreateBookingWithInvalidAcceptHeader" classname="br.com.restassuredapitesting.tests.booking.tests.PostBookingTest" time="0.815"/>
  <testcase name="updateBookingWithInvalidToken" classname="br.com.restassuredapitesting.tests.booking.tests.PutBookingTest" time="1.626"/>
  <testcase name="updateBookingWithBasicAuth" classname="br.com.restassuredapitesting.tests.booking.tests.PutBookingTest" time="1.734"/>
  <testcase name="updateBookingWithToken" classname="br.com.restassuredapitesting.tests.booking.tests.PutBookingTest" time="2.593"/>
  <testcase name="updateNonExistentBooking" classname="br.com.restassuredapitesting.tests.booking.tests.PutBookingTest" time="1.705">
    <failure message="1 expectation failed.&#10;Expected status code &lt;404&gt; but was &lt;405&gt;.&#10;" type="java.lang.AssertionError"><![CDATA[java.lang.AssertionError: 
1 expectation failed.
Expected status code <404> but was <405>.

	at br.com.restassuredapitesting.tests.booking.tests.PutBookingTest.updateNonExistentBooking(PutBookingTest.java:71)
]]></failure>
  </testcase>
  <testcase name="updateBookingWithNoToken" classname="br.com.restassuredapitesting.tests.booking.tests.PutBookingTest" time="1.781">
    <failure message="1 expectation failed.&#10;Expected status code &lt;401&gt; but was &lt;403&gt;.&#10;" type="java.lang.AssertionError"><![CDATA[java.lang.AssertionError: 
1 expectation failed.
Expected status code <401> but was <403>.

	at br.com.restassuredapitesting.tests.booking.tests.PutBookingTest.updateBookingWithNoToken(PutBookingTest.java:60)
]]></failure>
  </testcase>
</testsuite>